<?xml version="1.0" encoding="UTF-8"?>
<!-- Generated by org.testng.reporters.JUnitReportReporter -->
<testsuite hostname="DESKTOP-B0PFRS0" failures="0" tests="3" name="mavenproject_practice.Practice1Test" time="0.024" errors="0" timestamp="2022-07-19T03:43:47 GMT-07:00" skipped="0">
  <testcase classname="mavenproject_practice.Practice1Test" name="Practice1Test" time="0.018"/>
  <system-out/>
  <testcase classname="mavenproject_practice.Practice1Test" name="Practice3Test" time="0.003"/>
  <system-out/>
  <testcase classname="mavenproject_practice.Practice1Test" name="Practice2Test" time="0.003"/>
  <system-out/>
</testsuite> <!-- mavenproject_practice.Practice1Test -->
