<?xml version="1.0" encoding="UTF-8"?>
<!-- Generated by org.testng.reporters.JUnitReportReporter -->
<testsuite hostname="DESKTOP-B0PFRS0" failures="0" tests="3" name="mavenproject_practice.TestNgPractice" time="0.021" errors="0" timestamp="2022-07-19T02:18:45 GMT-07:00" skipped="0">
  <testcase classname="mavenproject_practice.TestNgPractice" name="Test2" time="0.002"/>
  <system-out/>
  <testcase classname="mavenproject_practice.TestNgPractice" name="Test1" time="0.017"/>
  <system-out/>
  <testcase classname="mavenproject_practice.TestNgPractice" name="Test3" time="0.002"/>
  <system-out/>
</testsuite> <!-- mavenproject_practice.TestNgPractice -->
